2020-08-09 18:11:08.020  INFO 25544 --- [main] lk.Application                           : Starting Application v1.0-SNAPSHOT on LikePc with PID 25544 (D:\Java\project\SpringBoot\target\SpringBoot-1.0-SNAPSHOT.jar started by pdd20 in D:\Java\project\SpringBoot\target)
2020-08-09 18:11:08.023  INFO 25544 --- [main] lk.Application                           : No active profile set, falling back to default profiles: default
2020-08-09 18:11:10.299  INFO 25544 --- [main] .s.d.r.c.RepositoryConfigurationDelegate : Bootstrapping Spring Data JPA repositories in DEFERRED mode.
2020-08-09 18:11:10.345  INFO 25544 --- [main] .s.d.r.c.RepositoryConfigurationDelegate : Finished Spring Data repository scanning in 22ms. Found 0 JPA repository interfaces.
2020-08-09 18:11:11.740  INFO 25544 --- [main] o.s.b.w.embedded.tomcat.TomcatWebServer  : Tomcat initialized with port(s): 80 (http)
2020-08-09 18:11:11.757  INFO 25544 --- [main] o.apache.catalina.core.StandardService   : Starting service [Tomcat]
2020-08-09 18:11:11.757  INFO 25544 --- [main] org.apache.catalina.core.StandardEngine  : Starting Servlet engine: [Apache Tomcat/9.0.37]
2020-08-09 18:11:11.907  INFO 25544 --- [main] o.a.c.c.C.[Tomcat].[localhost].[/]       : Initializing Spring embedded WebApplicationContext
2020-08-09 18:11:11.907  INFO 25544 --- [main] w.s.c.ServletWebServerApplicationContext : Root WebApplicationContext: initialization completed in 3763 ms
2020-08-09 18:11:12.645  INFO 25544 --- [main] o.s.s.concurrent.ThreadPoolTaskExecutor  : Initializing ExecutorService 'applicationTaskExecutor'
2020-08-09 18:11:13.873  INFO 25544 --- [main] com.alibaba.druid.pool.DruidDataSource   : {dataSource-1} inited
2020-08-09 18:11:14.089  INFO 25544 --- [task-1] o.hibernate.jpa.internal.util.LogHelper  : HHH000204: Processing PersistenceUnitInfo [name: default]
2020-08-09 18:11:14.896  WARN 25544 --- [main] JpaBaseConfiguration$JpaWebConfiguration : spring.jpa.open-in-view is enabled by default. Therefore, database queries may be performed during view rendering. Explicitly configure spring.jpa.open-in-view to disable this warning
2020-08-09 18:11:15.155  INFO 25544 --- [task-1] org.hibernate.Version                    : HHH000412: Hibernate ORM core version 5.4.18.Final
2020-08-09 18:11:15.608  INFO 25544 --- [main] o.s.b.a.w.s.WelcomePageHandlerMapping    : Adding welcome page template: index
2020-08-09 18:11:15.708  INFO 25544 --- [task-1] o.hibernate.annotations.common.Version   : HCANN000001: Hibernate Commons Annotations {5.1.0.Final}
2020-08-09 18:11:16.065  INFO 25544 --- [main] o.s.b.w.embedded.tomcat.TomcatWebServer  : Tomcat started on port(s): 80 (http) with context path ''
2020-08-09 18:11:16.070  INFO 25544 --- [main] DeferredRepositoryInitializationListener : Triggering deferred initialization of Spring Data repositories¡­
2020-08-09 18:11:16.071  INFO 25544 --- [main] DeferredRepositoryInitializationListener : Spring Data repositories initialized!
2020-08-09 18:11:16.092  INFO 25544 --- [main] lk.Application                           : Started Application in 8.896 seconds (JVM running for 9.661)
2020-08-09 18:11:16.475  INFO 25544 --- [task-1] org.hibernate.dialect.Dialect            : HHH000400: Using dialect: org.hibernate.dialect.MySQL57Dialect
2020-08-09 18:11:17.288  INFO 25544 --- [task-1] o.h.e.t.j.p.i.JtaPlatformInitiator       : HHH000490: Using JtaPlatform implementation: [org.hibernate.engine.transaction.jta.platform.internal.NoJtaPlatform]
2020-08-09 18:11:17.318  INFO 25544 --- [task-1] j.LocalContainerEntityManagerFactoryBean : Initialized JPA EntityManagerFactory for persistence unit 'default'
2020-08-09 18:11:24.274  INFO 25544 --- [http-nio-80-exec-1] o.a.c.c.C.[Tomcat].[localhost].[/]       : Initializing Spring DispatcherServlet 'dispatcherServlet'
2020-08-09 18:11:24.274  INFO 25544 --- [http-nio-80-exec-1] o.s.web.servlet.DispatcherServlet        : Initializing Servlet 'dispatcherServlet'
2020-08-09 18:11:24.283  INFO 25544 --- [http-nio-80-exec-1] o.s.web.servlet.DispatcherServlet        : Completed initialization in 8 ms
2020-08-09 18:12:01.833  INFO 25544 --- [SpringContextShutdownHook] j.LocalContainerEntityManagerFactoryBean : Closing JPA EntityManagerFactory for persistence unit 'default'
2020-08-09 18:12:01.835  INFO 25544 --- [SpringContextShutdownHook] o.s.s.concurrent.ThreadPoolTaskExecutor  : Shutting down ExecutorService 'applicationTaskExecutor'
2020-08-09 18:12:01.836  INFO 25544 --- [SpringContextShutdownHook] com.alibaba.druid.pool.DruidDataSource   : {dataSource-1} closing ...
2020-08-09 18:12:01.842  INFO 25544 --- [SpringContextShutdownHook] com.alibaba.druid.pool.DruidDataSource   : {dataSource-1} closed
2020-08-09 18:12:22.187  INFO 14276 --- [main] lk.Application                           : Starting Application v1.0-SNAPSHOT on LikePc with PID 14276 (D:\Java\project\SpringBoot\target\SpringBoot-1.0-SNAPSHOT.jar started by pdd20 in D:\Java\project\SpringBoot\target)
2020-08-09 18:12:22.191  INFO 14276 --- [main] lk.Application                           : No active profile set, falling back to default profiles: default
2020-08-09 18:12:24.261  INFO 14276 --- [main] .s.d.r.c.RepositoryConfigurationDelegate : Bootstrapping Spring Data JPA repositories in DEFERRED mode.
2020-08-09 18:12:24.307  INFO 14276 --- [main] .s.d.r.c.RepositoryConfigurationDelegate : Finished Spring Data repository scanning in 22ms. Found 0 JPA repository interfaces.
2020-08-09 18:12:25.664  INFO 14276 --- [main] o.s.b.w.embedded.tomcat.TomcatWebServer  : Tomcat initialized with port(s): 80 (http)
2020-08-09 18:12:25.682  INFO 14276 --- [main] o.apache.catalina.core.StandardService   : Starting service [Tomcat]
2020-08-09 18:12:25.682  INFO 14276 --- [main] org.apache.catalina.core.StandardEngine  : Starting Servlet engine: [Apache Tomcat/9.0.37]
2020-08-09 18:12:25.819  INFO 14276 --- [main] o.a.c.c.C.[Tomcat].[localhost].[/]       : Initializing Spring embedded WebApplicationContext
2020-08-09 18:12:25.820  INFO 14276 --- [main] w.s.c.ServletWebServerApplicationContext : Root WebApplicationContext: initialization completed in 3521 ms
2020-08-09 18:12:26.499  INFO 14276 --- [main] o.s.s.concurrent.ThreadPoolTaskExecutor  : Initializing ExecutorService 'applicationTaskExecutor'
2020-08-09 18:12:27.628  INFO 14276 --- [main] com.alibaba.druid.pool.DruidDataSource   : {dataSource-1} inited
2020-08-09 18:12:27.821  INFO 14276 --- [task-1] o.hibernate.jpa.internal.util.LogHelper  : HHH000204: Processing PersistenceUnitInfo [name: default]
2020-08-09 18:12:28.591  WARN 14276 --- [main] JpaBaseConfiguration$JpaWebConfiguration : spring.jpa.open-in-view is enabled by default. Therefore, database queries may be performed during view rendering. Explicitly configure spring.jpa.open-in-view to disable this warning
2020-08-09 18:12:28.860  INFO 14276 --- [task-1] org.hibernate.Version                    : HHH000412: Hibernate ORM core version 5.4.18.Final
2020-08-09 18:12:29.241  INFO 14276 --- [main] o.s.b.a.w.s.WelcomePageHandlerMapping    : Adding welcome page template: index
2020-08-09 18:12:29.371  INFO 14276 --- [task-1] o.hibernate.annotations.common.Version   : HCANN000001: Hibernate Commons Annotations {5.1.0.Final}
2020-08-09 18:12:29.656  INFO 14276 --- [main] o.s.b.w.embedded.tomcat.TomcatWebServer  : Tomcat started on port(s): 80 (http) with context path ''
2020-08-09 18:12:29.658  INFO 14276 --- [main] DeferredRepositoryInitializationListener : Triggering deferred initialization of Spring Data repositories¡­
2020-08-09 18:12:29.658  INFO 14276 --- [main] DeferredRepositoryInitializationListener : Spring Data repositories initialized!
2020-08-09 18:12:29.677  INFO 14276 --- [main] lk.Application                           : Started Application in 8.319 seconds (JVM running for 9.089)
2020-08-09 18:12:30.100  INFO 14276 --- [task-1] org.hibernate.dialect.Dialect            : HHH000400: Using dialect: org.hibernate.dialect.MySQL57Dialect
2020-08-09 18:12:30.731  INFO 14276 --- [task-1] o.h.e.t.j.p.i.JtaPlatformInitiator       : HHH000490: Using JtaPlatform implementation: [org.hibernate.engine.transaction.jta.platform.internal.NoJtaPlatform]
2020-08-09 18:12:30.759  INFO 14276 --- [task-1] j.LocalContainerEntityManagerFactoryBean : Initialized JPA EntityManagerFactory for persistence unit 'default'
2020-08-09 18:12:53.835  INFO 14276 --- [SpringContextShutdownHook] j.LocalContainerEntityManagerFactoryBean : Closing JPA EntityManagerFactory for persistence unit 'default'
2020-08-09 18:12:53.837  INFO 14276 --- [SpringContextShutdownHook] o.s.s.concurrent.ThreadPoolTaskExecutor  : Shutting down ExecutorService 'applicationTaskExecutor'
2020-08-09 18:12:53.837  INFO 14276 --- [SpringContextShutdownHook] com.alibaba.druid.pool.DruidDataSource   : {dataSource-1} closing ...
2020-08-09 18:12:53.844  INFO 14276 --- [SpringContextShutdownHook] com.alibaba.druid.pool.DruidDataSource   : {dataSource-1} closed
2020-08-09 18:13:05.814  INFO 2732 --- [main] lk.Application                           : Starting Application v1.0-SNAPSHOT on LikePc with PID 2732 (D:\Java\project\SpringBoot\target\SpringBoot-1.0-SNAPSHOT.jar started by pdd20 in D:\Java\project\SpringBoot\target)
2020-08-09 18:13:05.819  INFO 2732 --- [main] lk.Application                           : No active profile set, falling back to default profiles: default
2020-08-09 18:13:08.811  INFO 2732 --- [main] .s.d.r.c.RepositoryConfigurationDelegate : Bootstrapping Spring Data JPA repositories in DEFERRED mode.
2020-08-09 18:13:08.875  INFO 2732 --- [main] .s.d.r.c.RepositoryConfigurationDelegate : Finished Spring Data repository scanning in 31ms. Found 0 JPA repository interfaces.
2020-08-09 18:13:10.803  INFO 2732 --- [main] o.s.b.w.embedded.tomcat.TomcatWebServer  : Tomcat initialized with port(s): 80 (http)
2020-08-09 18:13:10.823  INFO 2732 --- [main] o.apache.catalina.core.StandardService   : Starting service [Tomcat]
2020-08-09 18:13:10.823  INFO 2732 --- [main] org.apache.catalina.core.StandardEngine  : Starting Servlet engine: [Apache Tomcat/9.0.37]
2020-08-09 18:13:11.000  INFO 2732 --- [main] o.a.c.c.C.[Tomcat].[localhost].[/]       : Initializing Spring embedded WebApplicationContext
2020-08-09 18:13:11.000  INFO 2732 --- [main] w.s.c.ServletWebServerApplicationContext : Root WebApplicationContext: initialization completed in 5028 ms
2020-08-09 18:13:11.937  INFO 2732 --- [main] o.s.s.concurrent.ThreadPoolTaskExecutor  : Initializing ExecutorService 'applicationTaskExecutor'
2020-08-09 18:13:13.170  INFO 2732 --- [main] com.alibaba.druid.pool.DruidDataSource   : {dataSource-1} inited
2020-08-09 18:13:13.432  INFO 2732 --- [task-1] o.hibernate.jpa.internal.util.LogHelper  : HHH000204: Processing PersistenceUnitInfo [name: default]
2020-08-09 18:13:14.534  WARN 2732 --- [main] JpaBaseConfiguration$JpaWebConfiguration : spring.jpa.open-in-view is enabled by default. Therefore, database queries may be performed during view rendering. Explicitly configure spring.jpa.open-in-view to disable this warning
2020-08-09 18:13:14.928  INFO 2732 --- [task-1] org.hibernate.Version                    : HHH000412: Hibernate ORM core version 5.4.18.Final
2020-08-09 18:13:15.639  INFO 2732 --- [main] o.s.b.a.w.s.WelcomePageHandlerMapping    : Adding welcome page template: index
2020-08-09 18:13:15.683  INFO 2732 --- [task-1] o.hibernate.annotations.common.Version   : HCANN000001: Hibernate Commons Annotations {5.1.0.Final}
2020-08-09 18:13:16.078  INFO 2732 --- [main] o.s.b.w.embedded.tomcat.TomcatWebServer  : Tomcat started on port(s): 80 (http) with context path ''
2020-08-09 18:13:16.080  INFO 2732 --- [main] DeferredRepositoryInitializationListener : Triggering deferred initialization of Spring Data repositories¡­
2020-08-09 18:13:16.081  INFO 2732 --- [main] DeferredRepositoryInitializationListener : Spring Data repositories initialized!
2020-08-09 18:13:16.103  INFO 2732 --- [main] lk.Application                           : Started Application in 11.289 seconds (JVM running for 12.093)
2020-08-09 18:13:16.549  INFO 2732 --- [task-1] org.hibernate.dialect.Dialect            : HHH000400: Using dialect: org.hibernate.dialect.MySQL57Dialect
2020-08-09 18:13:17.397  INFO 2732 --- [task-1] o.h.e.t.j.p.i.JtaPlatformInitiator       : HHH000490: Using JtaPlatform implementation: [org.hibernate.engine.transaction.jta.platform.internal.NoJtaPlatform]
2020-08-09 18:13:17.434  INFO 2732 --- [task-1] j.LocalContainerEntityManagerFactoryBean : Initialized JPA EntityManagerFactory for persistence unit 'default'
2020-08-09 18:31:22.481  INFO 2732 --- [http-nio-80-exec-10] o.a.c.c.C.[Tomcat].[localhost].[/]       : Initializing Spring DispatcherServlet 'dispatcherServlet'
2020-08-09 18:31:22.481  INFO 2732 --- [http-nio-80-exec-10] o.s.web.servlet.DispatcherServlet        : Initializing Servlet 'dispatcherServlet'
2020-08-09 18:31:22.490  INFO 2732 --- [http-nio-80-exec-10] o.s.web.servlet.DispatcherServlet        : Completed initialization in 9 ms
2020-08-09 18:36:30.520  INFO 2732 --- [SpringContextShutdownHook] j.LocalContainerEntityManagerFactoryBean : Closing JPA EntityManagerFactory for persistence unit 'default'
2020-08-09 18:36:30.522  INFO 2732 --- [SpringContextShutdownHook] o.s.s.concurrent.ThreadPoolTaskExecutor  : Shutting down ExecutorService 'applicationTaskExecutor'
2020-08-09 18:36:30.523  INFO 2732 --- [SpringContextShutdownHook] com.alibaba.druid.pool.DruidDataSource   : {dataSource-1} closing ...
2020-08-09 18:36:30.531  INFO 2732 --- [SpringContextShutdownHook] com.alibaba.druid.pool.DruidDataSource   : {dataSource-1} closed
2020-08-09 18:37:20.502  INFO 6016 --- [main] lk.Application                           : Starting Application v1.0-SNAPSHOT on LikePc with PID 6016 (D:\Java\project\SpringBoot\target\SpringBoot-1.0-SNAPSHOT.jar started by pdd20 in D:\Java\project\SpringBoot\target)
2020-08-09 18:37:20.507  INFO 6016 --- [main] lk.Application                           : No active profile set, falling back to default profiles: default
2020-08-09 18:37:22.869  INFO 6016 --- [main] .s.d.r.c.RepositoryConfigurationDelegate : Bootstrapping Spring Data JPA repositories in DEFERRED mode.
2020-08-09 18:37:22.917  INFO 6016 --- [main] .s.d.r.c.RepositoryConfigurationDelegate : Finished Spring Data repository scanning in 24ms. Found 0 JPA repository interfaces.
2020-08-09 18:37:24.510  INFO 6016 --- [main] o.s.b.w.embedded.tomcat.TomcatWebServer  : Tomcat initialized with port(s): 7777 (http)
2020-08-09 18:37:24.535  INFO 6016 --- [main] o.apache.catalina.core.StandardService   : Starting service [Tomcat]
2020-08-09 18:37:24.536  INFO 6016 --- [main] org.apache.catalina.core.StandardEngine  : Starting Servlet engine: [Apache Tomcat/9.0.37]
2020-08-09 18:37:24.728  INFO 6016 --- [main] o.a.c.c.C.[Tomcat].[localhost].[/]       : Initializing Spring embedded WebApplicationContext
2020-08-09 18:37:24.728  INFO 6016 --- [main] w.s.c.ServletWebServerApplicationContext : Root WebApplicationContext: initialization completed in 4116 ms
2020-08-09 18:37:25.502  INFO 6016 --- [main] o.s.s.concurrent.ThreadPoolTaskExecutor  : Initializing ExecutorService 'applicationTaskExecutor'
2020-08-09 18:37:26.875  INFO 6016 --- [main] com.alibaba.druid.pool.DruidDataSource   : {dataSource-1} inited
2020-08-09 18:37:27.102  INFO 6016 --- [task-1] o.hibernate.jpa.internal.util.LogHelper  : HHH000204: Processing PersistenceUnitInfo [name: default]
2020-08-09 18:37:28.078  WARN 6016 --- [main] JpaBaseConfiguration$JpaWebConfiguration : spring.jpa.open-in-view is enabled by default. Therefore, database queries may be performed during view rendering. Explicitly configure spring.jpa.open-in-view to disable this warning
2020-08-09 18:37:28.344  INFO 6016 --- [task-1] org.hibernate.Version                    : HHH000412: Hibernate ORM core version 5.4.18.Final
2020-08-09 18:37:28.879  INFO 6016 --- [main] o.s.b.a.w.s.WelcomePageHandlerMapping    : Adding welcome page template: index
2020-08-09 18:37:28.945  INFO 6016 --- [task-1] o.hibernate.annotations.common.Version   : HCANN000001: Hibernate Commons Annotations {5.1.0.Final}
2020-08-09 18:37:29.487  INFO 6016 --- [main] o.s.b.w.embedded.tomcat.TomcatWebServer  : Tomcat started on port(s): 7777 (http) with context path ''
2020-08-09 18:37:29.489  INFO 6016 --- [main] DeferredRepositoryInitializationListener : Triggering deferred initialization of Spring Data repositories¡­
2020-08-09 18:37:29.490  INFO 6016 --- [main] DeferredRepositoryInitializationListener : Spring Data repositories initialized!
2020-08-09 18:37:29.515  INFO 6016 --- [main] lk.Application                           : Started Application in 9.87 seconds (JVM running for 10.692)
2020-08-09 18:37:29.972  INFO 6016 --- [task-1] org.hibernate.dialect.Dialect            : HHH000400: Using dialect: org.hibernate.dialect.MySQL57Dialect
2020-08-09 18:37:30.653  INFO 6016 --- [task-1] o.h.e.t.j.p.i.JtaPlatformInitiator       : HHH000490: Using JtaPlatform implementation: [org.hibernate.engine.transaction.jta.platform.internal.NoJtaPlatform]
2020-08-09 18:37:30.681  INFO 6016 --- [task-1] j.LocalContainerEntityManagerFactoryBean : Initialized JPA EntityManagerFactory for persistence unit 'default'
2020-08-09 18:39:55.345  INFO 6016 --- [SpringContextShutdownHook] j.LocalContainerEntityManagerFactoryBean : Closing JPA EntityManagerFactory for persistence unit 'default'
2020-08-09 18:39:55.347  INFO 6016 --- [SpringContextShutdownHook] o.s.s.concurrent.ThreadPoolTaskExecutor  : Shutting down ExecutorService 'applicationTaskExecutor'
2020-08-09 18:39:55.347  INFO 6016 --- [SpringContextShutdownHook] com.alibaba.druid.pool.DruidDataSource   : {dataSource-1} closing ...
2020-08-09 18:39:55.354  INFO 6016 --- [SpringContextShutdownHook] com.alibaba.druid.pool.DruidDataSource   : {dataSource-1} closed
2020-08-09 18:40:35.167  INFO 9416 --- [main] lk.Application                           : Starting Application v1.0-SNAPSHOT on LikePc with PID 9416 (D:\Java\project\SpringBoot\target\SpringBoot-1.0-SNAPSHOT.jar started by pdd20 in D:\Java\project\SpringBoot\target)
2020-08-09 18:40:35.171  INFO 9416 --- [main] lk.Application                           : No active profile set, falling back to default profiles: default
2020-08-09 18:40:37.300  INFO 9416 --- [main] .s.d.r.c.RepositoryConfigurationDelegate : Bootstrapping Spring Data JPA repositories in DEFERRED mode.
2020-08-09 18:40:37.349  INFO 9416 --- [main] .s.d.r.c.RepositoryConfigurationDelegate : Finished Spring Data repository scanning in 26ms. Found 0 JPA repository interfaces.
2020-08-09 18:40:38.893  INFO 9416 --- [main] o.s.b.w.embedded.tomcat.TomcatWebServer  : Tomcat initialized with port(s): 7777 (http)
2020-08-09 18:40:38.908  INFO 9416 --- [main] o.apache.catalina.core.StandardService   : Starting service [Tomcat]
2020-08-09 18:40:38.908  INFO 9416 --- [main] org.apache.catalina.core.StandardEngine  : Starting Servlet engine: [Apache Tomcat/9.0.37]
2020-08-09 18:40:39.034  INFO 9416 --- [main] o.a.c.c.C.[Tomcat].[localhost].[/]       : Initializing Spring embedded WebApplicationContext
2020-08-09 18:40:39.035  INFO 9416 --- [main] w.s.c.ServletWebServerApplicationContext : Root WebApplicationContext: initialization completed in 3770 ms
2020-08-09 18:40:39.794  INFO 9416 --- [main] o.s.s.concurrent.ThreadPoolTaskExecutor  : Initializing ExecutorService 'applicationTaskExecutor'
2020-08-09 18:40:41.009  INFO 9416 --- [main] com.alibaba.druid.pool.DruidDataSource   : {dataSource-1} inited
2020-08-09 18:40:41.208  INFO 9416 --- [task-1] o.hibernate.jpa.internal.util.LogHelper  : HHH000204: Processing PersistenceUnitInfo [name: default]
2020-08-09 18:40:42.029  WARN 9416 --- [main] JpaBaseConfiguration$JpaWebConfiguration : spring.jpa.open-in-view is enabled by default. Therefore, database queries may be performed during view rendering. Explicitly configure spring.jpa.open-in-view to disable this warning
2020-08-09 18:40:42.240  INFO 9416 --- [task-1] org.hibernate.Version                    : HHH000412: Hibernate ORM core version 5.4.18.Final
2020-08-09 18:40:42.684  INFO 9416 --- [main] o.s.b.a.w.s.WelcomePageHandlerMapping    : Adding welcome page template: index
2020-08-09 18:40:42.758  INFO 9416 --- [task-1] o.hibernate.annotations.common.Version   : HCANN000001: Hibernate Commons Annotations {5.1.0.Final}
2020-08-09 18:40:43.077  INFO 9416 --- [main] o.s.b.w.embedded.tomcat.TomcatWebServer  : Tomcat started on port(s): 7777 (http) with context path ''
2020-08-09 18:40:43.079  INFO 9416 --- [main] DeferredRepositoryInitializationListener : Triggering deferred initialization of Spring Data repositories¡­
2020-08-09 18:40:43.080  INFO 9416 --- [main] DeferredRepositoryInitializationListener : Spring Data repositories initialized!
2020-08-09 18:40:43.100  INFO 9416 --- [main] lk.Application                           : Started Application in 8.695 seconds (JVM running for 9.446)
2020-08-09 18:40:43.456  INFO 9416 --- [task-1] org.hibernate.dialect.Dialect            : HHH000400: Using dialect: org.hibernate.dialect.MySQL57Dialect
2020-08-09 18:40:44.105  INFO 9416 --- [task-1] o.h.e.t.j.p.i.JtaPlatformInitiator       : HHH000490: Using JtaPlatform implementation: [org.hibernate.engine.transaction.jta.platform.internal.NoJtaPlatform]
2020-08-09 18:40:44.133  INFO 9416 --- [task-1] j.LocalContainerEntityManagerFactoryBean : Initialized JPA EntityManagerFactory for persistence unit 'default'
2020-08-09 18:40:57.737  INFO 9416 --- [http-nio-7777-exec-1] o.a.c.c.C.[Tomcat].[localhost].[/]       : Initializing Spring DispatcherServlet 'dispatcherServlet'
2020-08-09 18:40:57.738  INFO 9416 --- [http-nio-7777-exec-1] o.s.web.servlet.DispatcherServlet        : Initializing Servlet 'dispatcherServlet'
2020-08-09 18:40:57.745  INFO 9416 --- [http-nio-7777-exec-1] o.s.web.servlet.DispatcherServlet        : Completed initialization in 7 ms
2020-08-09 18:45:35.373  INFO 9416 --- [SpringContextShutdownHook] j.LocalContainerEntityManagerFactoryBean : Closing JPA EntityManagerFactory for persistence unit 'default'
2020-08-09 18:45:35.375  INFO 9416 --- [SpringContextShutdownHook] o.s.s.concurrent.ThreadPoolTaskExecutor  : Shutting down ExecutorService 'applicationTaskExecutor'
2020-08-09 18:45:35.375  INFO 9416 --- [SpringContextShutdownHook] com.alibaba.druid.pool.DruidDataSource   : {dataSource-1} closing ...
2020-08-09 18:45:35.381  INFO 9416 --- [SpringContextShutdownHook] com.alibaba.druid.pool.DruidDataSource   : {dataSource-1} closed
2020-08-09 18:45:56.759  INFO 6352 --- [main] lk.Application                           : Starting Application v1.0-SNAPSHOT on LikePc with PID 6352 (D:\Java\project\SpringBoot\target\SpringBoot-1.0-SNAPSHOT.jar started by pdd20 in D:\Java\project\SpringBoot\target)
2020-08-09 18:45:56.764  INFO 6352 --- [main] lk.Application                           : No active profile set, falling back to default profiles: default
2020-08-09 18:45:59.012  INFO 6352 --- [main] .s.d.r.c.RepositoryConfigurationDelegate : Bootstrapping Spring Data JPA repositories in DEFERRED mode.
2020-08-09 18:45:59.057  INFO 6352 --- [main] .s.d.r.c.RepositoryConfigurationDelegate : Finished Spring Data repository scanning in 22ms. Found 0 JPA repository interfaces.
2020-08-09 18:46:00.449  INFO 6352 --- [main] o.s.b.w.embedded.tomcat.TomcatWebServer  : Tomcat initialized with port(s): 8822 (http)
2020-08-09 18:46:00.465  INFO 6352 --- [main] o.apache.catalina.core.StandardService   : Starting service [Tomcat]
2020-08-09 18:46:00.465  INFO 6352 --- [main] org.apache.catalina.core.StandardEngine  : Starting Servlet engine: [Apache Tomcat/9.0.37]
2020-08-09 18:46:00.598  INFO 6352 --- [main] o.a.c.c.C.[Tomcat].[localhost].[/]       : Initializing Spring embedded WebApplicationContext
2020-08-09 18:46:00.599  INFO 6352 --- [main] w.s.c.ServletWebServerApplicationContext : Root WebApplicationContext: initialization completed in 3742 ms
2020-08-09 18:46:01.398  INFO 6352 --- [main] o.s.s.concurrent.ThreadPoolTaskExecutor  : Initializing ExecutorService 'applicationTaskExecutor'
2020-08-09 18:46:03.032  INFO 6352 --- [main] com.alibaba.druid.pool.DruidDataSource   : {dataSource-1} inited
2020-08-09 18:46:03.260  INFO 6352 --- [task-1] o.hibernate.jpa.internal.util.LogHelper  : HHH000204: Processing PersistenceUnitInfo [name: default]
2020-08-09 18:46:04.492  WARN 6352 --- [main] JpaBaseConfiguration$JpaWebConfiguration : spring.jpa.open-in-view is enabled by default. Therefore, database queries may be performed during view rendering. Explicitly configure spring.jpa.open-in-view to disable this warning
2020-08-09 18:46:04.710  INFO 6352 --- [task-1] org.hibernate.Version                    : HHH000412: Hibernate ORM core version 5.4.18.Final
2020-08-09 18:46:05.277  INFO 6352 --- [main] o.s.b.a.w.s.WelcomePageHandlerMapping    : Adding welcome page template: index
2020-08-09 18:46:05.316  INFO 6352 --- [task-1] o.hibernate.annotations.common.Version   : HCANN000001: Hibernate Commons Annotations {5.1.0.Final}
2020-08-09 18:46:05.756  INFO 6352 --- [main] o.s.b.w.embedded.tomcat.TomcatWebServer  : Tomcat started on port(s): 8822 (http) with context path ''
2020-08-09 18:46:05.758  INFO 6352 --- [main] DeferredRepositoryInitializationListener : Triggering deferred initialization of Spring Data repositories¡­
2020-08-09 18:46:05.759  INFO 6352 --- [main] DeferredRepositoryInitializationListener : Spring Data repositories initialized!
2020-08-09 18:46:05.780  INFO 6352 --- [main] lk.Application                           : Started Application in 9.894 seconds (JVM running for 10.677)
2020-08-09 18:46:06.089  INFO 6352 --- [task-1] org.hibernate.dialect.Dialect            : HHH000400: Using dialect: org.hibernate.dialect.MySQL57Dialect
2020-08-09 18:46:06.324  INFO 6352 --- [http-nio-8822-exec-1] o.a.c.c.C.[Tomcat].[localhost].[/]       : Initializing Spring DispatcherServlet 'dispatcherServlet'
2020-08-09 18:46:06.324  INFO 6352 --- [http-nio-8822-exec-1] o.s.web.servlet.DispatcherServlet        : Initializing Servlet 'dispatcherServlet'
2020-08-09 18:46:06.336  INFO 6352 --- [http-nio-8822-exec-1] o.s.web.servlet.DispatcherServlet        : Completed initialization in 10 ms
2020-08-09 18:46:06.752  INFO 6352 --- [task-1] o.h.e.t.j.p.i.JtaPlatformInitiator       : HHH000490: Using JtaPlatform implementation: [org.hibernate.engine.transaction.jta.platform.internal.NoJtaPlatform]
2020-08-09 18:46:06.780  INFO 6352 --- [task-1] j.LocalContainerEntityManagerFactoryBean : Initialized JPA EntityManagerFactory for persistence unit 'default'
2020-08-09 18:50:16.179  INFO 6352 --- [SpringContextShutdownHook] j.LocalContainerEntityManagerFactoryBean : Closing JPA EntityManagerFactory for persistence unit 'default'
2020-08-09 18:50:16.181  INFO 6352 --- [SpringContextShutdownHook] o.s.s.concurrent.ThreadPoolTaskExecutor  : Shutting down ExecutorService 'applicationTaskExecutor'
2020-08-09 18:50:16.182  INFO 6352 --- [SpringContextShutdownHook] com.alibaba.druid.pool.DruidDataSource   : {dataSource-1} closing ...
2020-08-09 18:50:16.188  INFO 6352 --- [SpringContextShutdownHook] com.alibaba.druid.pool.DruidDataSource   : {dataSource-1} closed
